mode: set
github.com/rootservices/auth/internal/validate/factory.go:23.102,24.23 1 1
github.com/rootservices/auth/internal/validate/factory.go:25.27,26.40 1 1
github.com/rootservices/auth/internal/validate/factory.go:27.29,29.17 2 1
github.com/rootservices/auth/internal/validate/factory.go:29.17,31.4 1 1
github.com/rootservices/auth/internal/validate/factory.go:32.3,32.48 1 1
github.com/rootservices/auth/internal/validate/factory.go:33.10,34.74 1 1
github.com/rootservices/auth/internal/validate/firebase.go:24.83,28.2 1 1
github.com/rootservices/auth/internal/validate/firebase.go:31.77,33.16 2 0
github.com/rootservices/auth/internal/validate/firebase.go:33.16,35.3 1 0
github.com/rootservices/auth/internal/validate/firebase.go:36.2,37.16 2 0
github.com/rootservices/auth/internal/validate/firebase.go:37.16,39.3 1 0
github.com/rootservices/auth/internal/validate/firebase.go:40.2,40.20 1 0
github.com/rootservices/auth/internal/validate/firebase.go:44.120,45.17 1 1
github.com/rootservices/auth/internal/validate/firebase.go:45.17,47.3 1 1
github.com/rootservices/auth/internal/validate/firebase.go:49.2,50.16 2 1
github.com/rootservices/auth/internal/validate/firebase.go:50.16,52.3 1 1
github.com/rootservices/auth/internal/validate/firebase.go:60.2,73.54 2 1
github.com/rootservices/auth/internal/validate/firebase.go:73.54,75.3 1 1
github.com/rootservices/auth/internal/validate/firebase.go:77.2,77.21 1 1
github.com/rootservices/auth/internal/validate/google.go:17.54,21.2 1 1
github.com/rootservices/auth/internal/validate/google.go:24.118,25.17 1 1
github.com/rootservices/auth/internal/validate/google.go:25.17,27.3 1 1
github.com/rootservices/auth/internal/validate/google.go:28.2,29.16 2 1
github.com/rootservices/auth/internal/validate/google.go:29.16,31.3 1 1
github.com/rootservices/auth/internal/validate/google.go:32.2,32.21 1 1
github.com/rootservices/auth/auth.go:34.101,35.27 1 1
github.com/rootservices/auth/auth.go:35.27,37.3 1 1
github.com/rootservices/auth/auth.go:39.2,40.16 2 1
github.com/rootservices/auth/auth.go:40.16,42.3 1 1
github.com/rootservices/auth/auth.go:44.2,45.29 2 1
github.com/rootservices/auth/auth.go:45.29,47.3 1 1
github.com/rootservices/auth/auth.go:49.2,57.8 1 1
github.com/rootservices/auth/auth.go:60.72,62.34 2 1
github.com/rootservices/auth/auth.go:62.34,65.3 2 1
github.com/rootservices/auth/auth.go:68.2,72.33 4 1
github.com/rootservices/auth/auth.go:72.33,75.3 2 1
github.com/rootservices/auth/auth.go:75.8,75.41 1 1
github.com/rootservices/auth/auth.go:75.41,78.3 2 1
github.com/rootservices/auth/auth.go:80.2,81.30 2 1
